<?xml version="1.0" encoding="UTF-8"?>
<!-- Generated by org.testng.reporters.JUnitXMLReporter -->
<testsuite ignored="0" hostname="DESKTOP-8SKARJ9" failures="0" tests="20" name="Test" time="312.017" errors="0" timestamp="2022-03-16T04:08:09 IST">
  <testcase classname="com.linkedin.qa.testcases.LogoutPagetTest" name="verifyLogout" time="0.603"/>
  <testcase classname="com.linkedin.qa.testcases.LoginPageTest" name="loginPageTitleTest" time="0.266"/>
  <testcase classname="com.linkedin.qa.testcases.LoginPageTest" name="loginPageTitleTestWithLogs" time="0.193"/>
  <testcase classname="com.linkedin.qa.testcases.LoginPageTest" name="loginTest" time="11.146"/>
  <testcase classname="com.linkedin.qa.testcases.LoginPageTest" name="multipleLoginTest" time="2.734"/>
  <testcase classname="com.linkedin.qa.testcases.LoginPageTest" name="multipleLoginTest" time="3.3"/>
  <testcase classname="com.linkedin.qa.testcases.LoginPageTest" name="multipleLoginTest" time="4.356"/>
  <testcase classname="com.linkedin.qa.testcases.LoginPageTest" name="multipleLoginTest" time="4.03"/>
  <testcase classname="com.linkedin.qa.testcases.LoginPageTest" name="multipleLoginTest" time="13.178"/>
  <testcase classname="com.linkedin.qa.testcases.LoginPageTest" name="test_AfterLogin_TakeScreenshot" time="14.424"/>
  <testcase classname="com.linkedin.qa.testcases.HomePageTest" name="verifyHomePageTitle" time="0.019"/>
  <testcase classname="com.linkedin.qa.testcases.HomePageTest" name="verifyUserNameIsDisplayed" time="0.103"/>
  <testcase classname="com.linkedin.qa.testcases.HomePageTest" name="minimizeChatWindow" time="0.26"/>
  <testcase classname="com.linkedin.qa.testcases.HomePageTest" name="verifyJobsPageLink" time="0.391"/>
  <testcase classname="com.linkedin.qa.testcases.HomePageTest" name="verifyMessagingPageLink" time="0.128"/>
  <testcase classname="com.linkedin.qa.testcases.HomePageTest" name="verifyNotificationsPageLink" time="0.47"/>
  <testcase classname="com.linkedin.qa.testcases.HomePageTest" name="verifyMyNetworkPageLink" time="0.354"/>
  <testcase classname="com.linkedin.qa.testcases.HomePageTest" name="uploadProfilePic" time="0.007"/>
  <testcase classname="com.linkedin.qa.testcases.HomePageTest" name="scrollPage" time="31.145"/>
  <testcase classname="com.linkedin.qa.testcases.SignUpPageTest" name="test_SignUp" time="3.066"/>
</testsuite> <!-- Test -->
