<?xml version="1.0" encoding="UTF-8"?>
<testng-results ignored="0" total="20" passed="18" failed="2" skipped="0">
  <reporter-output>
  </reporter-output>
  <suite started-at="2022-03-16T15:06:10 IST" name="LinkedIn" finished-at="2022-03-16T15:11:49 IST" duration-ms="339482">
    <groups>
    </groups>
    <test started-at="2022-03-16T15:06:10 IST" name="Test" finished-at="2022-03-16T15:11:49 IST" duration-ms="339482">
      <class name="com.linkedin.qa.testcases.LoginPageTest">
        <test-method is-config="true" signature="setUp()[pri:0, instance:com.linkedin.qa.testcases.LoginPageTest@68702e03]" started-at="2022-03-16T15:06:42 IST" name="setUp" finished-at="2022-03-16T15:06:46 IST" duration-ms="3426" status="PASS">
          <reporter-output>
          </reporter-output>
        </test-method> <!-- setUp -->
        <test-method signature="loginPageTitleTest()[pri:1, instance:com.linkedin.qa.testcases.LoginPageTest@68702e03]" started-at="2022-03-16T15:06:46 IST" name="loginPageTitleTest" description="Verifying Login Page Title" finished-at="2022-03-16T15:06:46 IST" duration-ms="95" status="PASS">
          <reporter-output>
          </reporter-output>
        </test-method> <!-- loginPageTitleTest -->
        <test-method is-config="true" signature="tearDown()[pri:0, instance:com.linkedin.qa.testcases.LoginPageTest@68702e03]" started-at="2022-03-16T15:06:46 IST" name="tearDown" finished-at="2022-03-16T15:06:47 IST" duration-ms="984" status="PASS">
          <reporter-output>
          </reporter-output>
        </test-method> <!-- tearDown -->
        <test-method is-config="true" signature="setUp()[pri:0, instance:com.linkedin.qa.testcases.LoginPageTest@68702e03]" started-at="2022-03-16T15:06:47 IST" name="setUp" finished-at="2022-03-16T15:06:50 IST" duration-ms="3419" status="PASS">
          <reporter-output>
          </reporter-output>
        </test-method> <!-- setUp -->
        <test-method signature="loginPageTitleTestWithLogs()[pri:2, instance:com.linkedin.qa.testcases.LoginPageTest@68702e03]" started-at="2022-03-16T15:06:50 IST" name="loginPageTitleTestWithLogs" description="Verifying Login Page Title and getting the logs" finished-at="2022-03-16T15:06:50 IST" duration-ms="29" status="PASS">
          <reporter-output>
          </reporter-output>
        </test-method> <!-- loginPageTitleTestWithLogs -->
        <test-method is-config="true" signature="tearDown()[pri:0, instance:com.linkedin.qa.testcases.LoginPageTest@68702e03]" started-at="2022-03-16T15:06:50 IST" name="tearDown" finished-at="2022-03-16T15:06:51 IST" duration-ms="1032" status="PASS">
          <reporter-output>
          </reporter-output>
        </test-method> <!-- tearDown -->
        <test-method is-config="true" signature="setUp()[pri:0, instance:com.linkedin.qa.testcases.LoginPageTest@68702e03]" started-at="2022-03-16T15:06:51 IST" name="setUp" finished-at="2022-03-16T15:06:55 IST" duration-ms="3353" status="PASS">
          <reporter-output>
          </reporter-output>
        </test-method> <!-- setUp -->
        <test-method signature="loginTest()[pri:3, instance:com.linkedin.qa.testcases.LoginPageTest@68702e03]" started-at="2022-03-16T15:06:55 IST" name="loginTest" description="Verifying Login Functionalilty" finished-at="2022-03-16T15:07:08 IST" duration-ms="13064" status="PASS">
          <reporter-output>
          </reporter-output>
        </test-method> <!-- loginTest -->
        <test-method is-config="true" signature="tearDown()[pri:0, instance:com.linkedin.qa.testcases.LoginPageTest@68702e03]" started-at="2022-03-16T15:07:08 IST" name="tearDown" finished-at="2022-03-16T15:07:09 IST" duration-ms="955" status="PASS">
          <reporter-output>
          </reporter-output>
        </test-method> <!-- tearDown -->
        <test-method is-config="true" signature="setUp()[pri:0, instance:com.linkedin.qa.testcases.LoginPageTest@68702e03]" started-at="2022-03-16T15:07:10 IST" name="setUp" finished-at="2022-03-16T15:07:13 IST" duration-ms="3866" status="PASS">
          <reporter-output>
          </reporter-output>
        </test-method> <!-- setUp -->
        <test-method signature="multipleLoginTest(java.lang.String,java.lang.String)[pri:3, instance:com.linkedin.qa.testcases.LoginPageTest@68702e03]" started-at="2022-03-16T15:07:13 IST" name="multipleLoginTest" description="Verifying Login Functionalilty with mutliple accounts" data-provider="getLoginTestData" finished-at="2022-03-16T15:07:17 IST" duration-ms="3137" status="PASS">
          <params>
            <param index="0">
              <value>
                <![CDATA[rahul@gmail.com]]>
              </value>
            </param>
            <param index="1">
              <value>
                <![CDATA[rahul]]>
              </value>
            </param>
          </params>
          <reporter-output>
          </reporter-output>
        </test-method> <!-- multipleLoginTest -->
        <test-method is-config="true" signature="tearDown()[pri:0, instance:com.linkedin.qa.testcases.LoginPageTest@68702e03]" started-at="2022-03-16T15:07:17 IST" name="tearDown" finished-at="2022-03-16T15:07:18 IST" duration-ms="1025" status="PASS">
          <reporter-output>
          </reporter-output>
        </test-method> <!-- tearDown -->
        <test-method is-config="true" signature="setUp()[pri:0, instance:com.linkedin.qa.testcases.LoginPageTest@68702e03]" started-at="2022-03-16T15:07:18 IST" name="setUp" finished-at="2022-03-16T15:07:22 IST" duration-ms="4140" status="PASS">
          <reporter-output>
          </reporter-output>
        </test-method> <!-- setUp -->
        <test-method signature="multipleLoginTest(java.lang.String,java.lang.String)[pri:3, instance:com.linkedin.qa.testcases.LoginPageTest@68702e03]" started-at="2022-03-16T15:07:22 IST" name="multipleLoginTest" description="Verifying Login Functionalilty with mutliple accounts" data-provider="getLoginTestData" finished-at="2022-03-16T15:07:26 IST" duration-ms="4075" status="PASS">
          <params>
            <param index="0">
              <value>
                <![CDATA[aman@gmail.com]]>
              </value>
            </param>
            <param index="1">
              <value>
                <![CDATA[aman]]>
              </value>
            </param>
          </params>
          <reporter-output>
          </reporter-output>
        </test-method> <!-- multipleLoginTest -->
        <test-method is-config="true" signature="tearDown()[pri:0, instance:com.linkedin.qa.testcases.LoginPageTest@68702e03]" started-at="2022-03-16T15:07:26 IST" name="tearDown" finished-at="2022-03-16T15:07:27 IST" duration-ms="1139" status="PASS">
          <reporter-output>
          </reporter-output>
        </test-method> <!-- tearDown -->
        <test-method is-config="true" signature="setUp()[pri:0, instance:com.linkedin.qa.testcases.LoginPageTest@68702e03]" started-at="2022-03-16T15:07:27 IST" name="setUp" finished-at="2022-03-16T15:07:31 IST" duration-ms="4403" status="PASS">
          <reporter-output>
          </reporter-output>
        </test-method> <!-- setUp -->
        <test-method signature="multipleLoginTest(java.lang.String,java.lang.String)[pri:3, instance:com.linkedin.qa.testcases.LoginPageTest@68702e03]" started-at="2022-03-16T15:07:31 IST" name="multipleLoginTest" description="Verifying Login Functionalilty with mutliple accounts" data-provider="getLoginTestData" finished-at="2022-03-16T15:07:34 IST" duration-ms="2550" status="PASS">
          <params>
            <param index="0">
              <value>
                <![CDATA[abhi@gmail.com]]>
              </value>
            </param>
            <param index="1">
              <value>
                <![CDATA[abhi]]>
              </value>
            </param>
          </params>
          <reporter-output>
          </reporter-output>
        </test-method> <!-- multipleLoginTest -->
        <test-method is-config="true" signature="tearDown()[pri:0, instance:com.linkedin.qa.testcases.LoginPageTest@68702e03]" started-at="2022-03-16T15:07:34 IST" name="tearDown" finished-at="2022-03-16T15:07:35 IST" duration-ms="1050" status="PASS">
          <reporter-output>
          </reporter-output>
        </test-method> <!-- tearDown -->
        <test-method is-config="true" signature="setUp()[pri:0, instance:com.linkedin.qa.testcases.LoginPageTest@68702e03]" started-at="2022-03-16T15:07:35 IST" name="setUp" finished-at="2022-03-16T15:07:39 IST" duration-ms="3510" status="PASS">
          <reporter-output>
          </reporter-output>
        </test-method> <!-- setUp -->
        <test-method signature="multipleLoginTest(java.lang.String,java.lang.String)[pri:3, instance:com.linkedin.qa.testcases.LoginPageTest@68702e03]" started-at="2022-03-16T15:07:39 IST" name="multipleLoginTest" description="Verifying Login Functionalilty with mutliple accounts" data-provider="getLoginTestData" finished-at="2022-03-16T15:07:41 IST" duration-ms="2647" status="PASS">
          <params>
            <param index="0">
              <value>
                <![CDATA[xyz@gmail.com]]>
              </value>
            </param>
            <param index="1">
              <value>
                <![CDATA[xyz]]>
              </value>
            </param>
          </params>
          <reporter-output>
          </reporter-output>
        </test-method> <!-- multipleLoginTest -->
        <test-method is-config="true" signature="tearDown()[pri:0, instance:com.linkedin.qa.testcases.LoginPageTest@68702e03]" started-at="2022-03-16T15:07:41 IST" name="tearDown" finished-at="2022-03-16T15:07:42 IST" duration-ms="1194" status="PASS">
          <reporter-output>
          </reporter-output>
        </test-method> <!-- tearDown -->
        <test-method is-config="true" signature="setUp()[pri:0, instance:com.linkedin.qa.testcases.LoginPageTest@68702e03]" started-at="2022-03-16T15:07:42 IST" name="setUp" finished-at="2022-03-16T15:07:46 IST" duration-ms="3513" status="PASS">
          <reporter-output>
          </reporter-output>
        </test-method> <!-- setUp -->
        <test-method signature="multipleLoginTest(java.lang.String,java.lang.String)[pri:3, instance:com.linkedin.qa.testcases.LoginPageTest@68702e03]" started-at="2022-03-16T15:07:46 IST" name="multipleLoginTest" description="Verifying Login Functionalilty with mutliple accounts" data-provider="getLoginTestData" finished-at="2022-03-16T15:08:02 IST" duration-ms="16244" status="PASS">
          <params>
            <param index="0">
              <value>
                <![CDATA[navneetk23155@gmail.com]]>
              </value>
            </param>
            <param index="1">
              <value>
                <![CDATA[Nav@12345]]>
              </value>
            </param>
          </params>
          <reporter-output>
          </reporter-output>
        </test-method> <!-- multipleLoginTest -->
        <test-method is-config="true" signature="tearDown()[pri:0, instance:com.linkedin.qa.testcases.LoginPageTest@68702e03]" started-at="2022-03-16T15:08:02 IST" name="tearDown" finished-at="2022-03-16T15:08:04 IST" duration-ms="2293" status="PASS">
          <reporter-output>
          </reporter-output>
        </test-method> <!-- tearDown -->
        <test-method is-config="true" signature="setUp()[pri:0, instance:com.linkedin.qa.testcases.LoginPageTest@68702e03]" started-at="2022-03-16T15:08:04 IST" name="setUp" finished-at="2022-03-16T15:08:08 IST" duration-ms="3678" status="PASS">
          <reporter-output>
          </reporter-output>
        </test-method> <!-- setUp -->
        <test-method signature="test_AfterLogin_TakeScreenshot()[pri:3, instance:com.linkedin.qa.testcases.LoginPageTest@68702e03]" started-at="2022-03-16T15:08:08 IST" name="test_AfterLogin_TakeScreenshot" description="Taking screenshot for the page" finished-at="2022-03-16T15:08:29 IST" duration-ms="20574" status="PASS">
          <reporter-output>
          </reporter-output>
        </test-method> <!-- test_AfterLogin_TakeScreenshot -->
        <test-method is-config="true" signature="tearDown()[pri:0, instance:com.linkedin.qa.testcases.LoginPageTest@68702e03]" started-at="2022-03-16T15:08:29 IST" name="tearDown" finished-at="2022-03-16T15:08:30 IST" duration-ms="886" status="PASS">
          <reporter-output>
          </reporter-output>
        </test-method> <!-- tearDown -->
      </class> <!-- com.linkedin.qa.testcases.LoginPageTest -->
      <class name="com.linkedin.qa.testcases.LogoutPagetTest">
        <test-method is-config="true" signature="setUp()[pri:0, instance:com.linkedin.qa.testcases.LogoutPagetTest@6736fa8d]" started-at="2022-03-16T15:06:10 IST" name="setUp" finished-at="2022-03-16T15:06:30 IST" duration-ms="20362" status="PASS">
          <reporter-output>
          </reporter-output>
        </test-method> <!-- setUp -->
        <test-method signature="verifyLogout()[pri:1, instance:com.linkedin.qa.testcases.LogoutPagetTest@6736fa8d]" started-at="2022-03-16T15:06:30 IST" name="verifyLogout" description="Verifying Logout functionality of application" finished-at="2022-03-16T15:06:41 IST" duration-ms="10240" status="FAIL">
          <exception class="org.openqa.selenium.NoSuchElementException">
            <message>
              <![CDATA[no such element: Unable to locate element: {"method":"xpath","selector":"//button[@id='ember25']"}
  (Session info: chrome=99.0.4844.51)
For documentation on this error, please visit: https://www.seleniumhq.org/exceptions/no_such_element.html
Build info: version: '3.141.59', revision: 'e82be7d358', time: '2018-11-14T08:17:03'
System info: host: 'DESKTOP-8SKARJ9', ip: '192.168.141.232', os.name: 'Windows 10', os.arch: 'amd64', os.version: '10.0', java.version: '11.0.13'
Driver info: org.openqa.selenium.chrome.ChromeDriver
Capabilities {acceptInsecureCerts: false, browserName: chrome, browserVersion: 99.0.4844.51, chrome: {chromedriverVersion: 99.0.4844.51 (d537ec02474b5..., userDataDir: C:\Users\Navneet\AppData\Lo...}, goog:chromeOptions: {debuggerAddress: localhost:54968}, javascriptEnabled: true, networkConnectionEnabled: false, pageLoadStrategy: normal, platform: WINDOWS, platformName: WINDOWS, proxy: Proxy(), setWindowRect: true, strictFileInteractability: false, timeouts: {implicit: 0, pageLoad: 300000, script: 30000}, unhandledPromptBehavior: dismiss and notify, webauthn:extension:credBlob: true, webauthn:extension:largeBlob: true, webauthn:virtualAuthenticators: true}
Session ID: a9a1c6ab44d203e097647657fbcca1c6
*** Element info: {Using=xpath, value=//button[@id='ember25']}]]>
            </message>
            <full-stacktrace>
              <![CDATA[org.openqa.selenium.NoSuchElementException: no such element: Unable to locate element: {"method":"xpath","selector":"//button[@id='ember25']"}
  (Session info: chrome=99.0.4844.51)
For documentation on this error, please visit: https://www.seleniumhq.org/exceptions/no_such_element.html
Build info: version: '3.141.59', revision: 'e82be7d358', time: '2018-11-14T08:17:03'
System info: host: 'DESKTOP-8SKARJ9', ip: '192.168.141.232', os.name: 'Windows 10', os.arch: 'amd64', os.version: '10.0', java.version: '11.0.13'
Driver info: org.openqa.selenium.chrome.ChromeDriver
Capabilities {acceptInsecureCerts: false, browserName: chrome, browserVersion: 99.0.4844.51, chrome: {chromedriverVersion: 99.0.4844.51 (d537ec02474b5..., userDataDir: C:\Users\Navneet\AppData\Lo...}, goog:chromeOptions: {debuggerAddress: localhost:54968}, javascriptEnabled: true, networkConnectionEnabled: false, pageLoadStrategy: normal, platform: WINDOWS, platformName: WINDOWS, proxy: Proxy(), setWindowRect: true, strictFileInteractability: false, timeouts: {implicit: 0, pageLoad: 300000, script: 30000}, unhandledPromptBehavior: dismiss and notify, webauthn:extension:credBlob: true, webauthn:extension:largeBlob: true, webauthn:virtualAuthenticators: true}
Session ID: a9a1c6ab44d203e097647657fbcca1c6
*** Element info: {Using=xpath, value=//button[@id='ember25']}
at java.base/jdk.internal.reflect.NativeConstructorAccessorImpl.newInstance0(Native Method)
at java.base/jdk.internal.reflect.NativeConstructorAccessorImpl.newInstance(NativeConstructorAccessorImpl.java:62)
at java.base/jdk.internal.reflect.DelegatingConstructorAccessorImpl.newInstance(DelegatingConstructorAccessorImpl.java:45)
at java.base/java.lang.reflect.Constructor.newInstance(Constructor.java:490)
at org.openqa.selenium.remote.http.W3CHttpResponseCodec.createException(W3CHttpResponseCodec.java:187)
at org.openqa.selenium.remote.http.W3CHttpResponseCodec.decode(W3CHttpResponseCodec.java:122)
at org.openqa.selenium.remote.http.W3CHttpResponseCodec.decode(W3CHttpResponseCodec.java:49)
at org.openqa.selenium.remote.HttpCommandExecutor.execute(HttpCommandExecutor.java:158)
at org.openqa.selenium.remote.service.DriverCommandExecutor.execute(DriverCommandExecutor.java:83)
at org.openqa.selenium.remote.RemoteWebDriver.execute(RemoteWebDriver.java:552)
at org.openqa.selenium.remote.RemoteWebDriver.findElement(RemoteWebDriver.java:323)
at org.openqa.selenium.remote.RemoteWebDriver.findElementByXPath(RemoteWebDriver.java:428)
at org.openqa.selenium.By$ByXPath.findElement(By.java:353)
at org.openqa.selenium.remote.RemoteWebDriver.findElement(RemoteWebDriver.java:315)
at org.openqa.selenium.support.pagefactory.DefaultElementLocator.findElement(DefaultElementLocator.java:69)
at org.openqa.selenium.support.pagefactory.internal.LocatingElementHandler.invoke(LocatingElementHandler.java:38)
at com.sun.proxy.$Proxy19.click(Unknown Source)
at com.linkedin.qa.pages.LogoutPage.logout(LogoutPage.java:25)
at com.linkedin.qa.testcases.LogoutPagetTest.verifyLogout(LogoutPagetTest.java:39)
at java.base/jdk.internal.reflect.NativeMethodAccessorImpl.invoke0(Native Method)
at java.base/jdk.internal.reflect.NativeMethodAccessorImpl.invoke(NativeMethodAccessorImpl.java:62)
at java.base/jdk.internal.reflect.DelegatingMethodAccessorImpl.invoke(DelegatingMethodAccessorImpl.java:43)
at java.base/java.lang.reflect.Method.invoke(Method.java:566)
at org.testng.internal.MethodInvocationHelper.invokeMethod(MethodInvocationHelper.java:133)
at org.testng.internal.TestInvoker.invokeMethod(TestInvoker.java:598)
at org.testng.internal.TestInvoker.invokeTestMethod(TestInvoker.java:173)
at org.testng.internal.MethodRunner.runInSequence(MethodRunner.java:46)
at org.testng.internal.TestInvoker$MethodInvocationAgent.invoke(TestInvoker.java:824)
at org.testng.internal.TestInvoker.invokeTestMethods(TestInvoker.java:146)
at org.testng.internal.TestMethodWorker.invokeTestMethods(TestMethodWorker.java:146)
at org.testng.internal.TestMethodWorker.run(TestMethodWorker.java:128)
at java.base/java.util.ArrayList.forEach(ArrayList.java:1541)
at org.testng.TestRunner.privateRun(TestRunner.java:794)
at org.testng.TestRunner.run(TestRunner.java:596)
at org.testng.SuiteRunner.runTest(SuiteRunner.java:377)
at org.testng.SuiteRunner.runSequentially(SuiteRunner.java:371)
at org.testng.SuiteRunner.privateRun(SuiteRunner.java:332)
at org.testng.SuiteRunner.run(SuiteRunner.java:276)
at org.testng.SuiteRunnerWorker.runSuite(SuiteRunnerWorker.java:53)
at org.testng.SuiteRunnerWorker.run(SuiteRunnerWorker.java:96)
at org.testng.TestNG.runSuitesSequentially(TestNG.java:1212)
at org.testng.TestNG.runSuitesLocally(TestNG.java:1134)
at org.testng.TestNG.runSuites(TestNG.java:1063)
at org.testng.TestNG.run(TestNG.java:1031)
at org.testng.remote.AbstractRemoteTestNG.run(AbstractRemoteTestNG.java:115)
at org.testng.remote.RemoteTestNG.initAndRun(RemoteTestNG.java:251)
at org.testng.remote.RemoteTestNG.main(RemoteTestNG.java:77)
]]>
            </full-stacktrace>
          </exception> <!-- org.openqa.selenium.NoSuchElementException -->
          <reporter-output>
          </reporter-output>
        </test-method> <!-- verifyLogout -->
        <test-method is-config="true" signature="tearDown()[pri:0, instance:com.linkedin.qa.testcases.LogoutPagetTest@6736fa8d]" started-at="2022-03-16T15:06:41 IST" name="tearDown" finished-at="2022-03-16T15:06:42 IST" duration-ms="956" status="PASS">
          <reporter-output>
          </reporter-output>
        </test-method> <!-- tearDown -->
      </class> <!-- com.linkedin.qa.testcases.LogoutPagetTest -->
      <class name="com.linkedin.qa.testcases.HomePageTest">
        <test-method is-config="true" signature="setUp()[pri:0, instance:com.linkedin.qa.testcases.HomePageTest@59a008ba]" started-at="2022-03-16T15:08:30 IST" name="setUp" finished-at="2022-03-16T15:08:47 IST" duration-ms="17567" status="PASS">
          <reporter-output>
          </reporter-output>
        </test-method> <!-- setUp -->
        <test-method signature="verifyHomePageTitle()[pri:1, instance:com.linkedin.qa.testcases.HomePageTest@59a008ba]" started-at="2022-03-16T15:08:47 IST" name="verifyHomePageTitle" description="Verifying HomePage Title" finished-at="2022-03-16T15:08:47 IST" duration-ms="18" status="FAIL">
          <exception class="java.lang.AssertionError">
            <message>
              <![CDATA[expected [Wrong Title] but found [(2) Feed | LinkedIn]]]>
            </message>
            <full-stacktrace>
              <![CDATA[java.lang.AssertionError: expected [Wrong Title] but found [(2) Feed | LinkedIn]
at org.testng.Assert.fail(Assert.java:99)
at org.testng.Assert.failNotEquals(Assert.java:1037)
at org.testng.Assert.assertEqualsImpl(Assert.java:140)
at org.testng.Assert.assertEquals(Assert.java:122)
at org.testng.Assert.assertEquals(Assert.java:629)
at org.testng.Assert.assertEquals(Assert.java:639)
at com.linkedin.qa.testcases.HomePageTest.verifyHomePageTitle(HomePageTest.java:47)
at java.base/jdk.internal.reflect.NativeMethodAccessorImpl.invoke0(Native Method)
at java.base/jdk.internal.reflect.NativeMethodAccessorImpl.invoke(NativeMethodAccessorImpl.java:62)
at java.base/jdk.internal.reflect.DelegatingMethodAccessorImpl.invoke(DelegatingMethodAccessorImpl.java:43)
at java.base/java.lang.reflect.Method.invoke(Method.java:566)
at org.testng.internal.MethodInvocationHelper.invokeMethod(MethodInvocationHelper.java:133)
at org.testng.internal.TestInvoker.invokeMethod(TestInvoker.java:598)
at org.testng.internal.TestInvoker.invokeTestMethod(TestInvoker.java:173)
at org.testng.internal.MethodRunner.runInSequence(MethodRunner.java:46)
at org.testng.internal.TestInvoker$MethodInvocationAgent.invoke(TestInvoker.java:824)
at org.testng.internal.TestInvoker.invokeTestMethods(TestInvoker.java:146)
at org.testng.internal.TestMethodWorker.invokeTestMethods(TestMethodWorker.java:146)
at org.testng.internal.TestMethodWorker.run(TestMethodWorker.java:128)
at java.base/java.util.ArrayList.forEach(ArrayList.java:1541)
at org.testng.TestRunner.privateRun(TestRunner.java:794)
at org.testng.TestRunner.run(TestRunner.java:596)
at org.testng.SuiteRunner.runTest(SuiteRunner.java:377)
at org.testng.SuiteRunner.runSequentially(SuiteRunner.java:371)
at org.testng.SuiteRunner.privateRun(SuiteRunner.java:332)
at org.testng.SuiteRunner.run(SuiteRunner.java:276)
at org.testng.SuiteRunnerWorker.runSuite(SuiteRunnerWorker.java:53)
at org.testng.SuiteRunnerWorker.run(SuiteRunnerWorker.java:96)
at org.testng.TestNG.runSuitesSequentially(TestNG.java:1212)
at org.testng.TestNG.runSuitesLocally(TestNG.java:1134)
at org.testng.TestNG.runSuites(TestNG.java:1063)
at org.testng.TestNG.run(TestNG.java:1031)
at org.testng.remote.AbstractRemoteTestNG.run(AbstractRemoteTestNG.java:115)
at org.testng.remote.RemoteTestNG.initAndRun(RemoteTestNG.java:251)
at org.testng.remote.RemoteTestNG.main(RemoteTestNG.java:77)
]]>
            </full-stacktrace>
          </exception> <!-- java.lang.AssertionError -->
          <reporter-output>
          </reporter-output>
        </test-method> <!-- verifyHomePageTitle -->
        <test-method is-config="true" signature="tearDown()[pri:0, instance:com.linkedin.qa.testcases.HomePageTest@59a008ba]" started-at="2022-03-16T15:08:47 IST" name="tearDown" finished-at="2022-03-16T15:08:48 IST" duration-ms="995" status="PASS">
          <reporter-output>
          </reporter-output>
        </test-method> <!-- tearDown -->
        <test-method is-config="true" signature="setUp()[pri:0, instance:com.linkedin.qa.testcases.HomePageTest@59a008ba]" started-at="2022-03-16T15:08:48 IST" name="setUp" finished-at="2022-03-16T15:09:06 IST" duration-ms="17376" status="PASS">
          <reporter-output>
          </reporter-output>
        </test-method> <!-- setUp -->
        <test-method signature="verifyUserNameIsDisplayed()[pri:2, instance:com.linkedin.qa.testcases.HomePageTest@59a008ba]" started-at="2022-03-16T15:09:06 IST" name="verifyUserNameIsDisplayed" description="Verifying User Name on HomePage after Login" finished-at="2022-03-16T15:09:06 IST" duration-ms="70" status="PASS">
          <reporter-output>
          </reporter-output>
        </test-method> <!-- verifyUserNameIsDisplayed -->
        <test-method is-config="true" signature="tearDown()[pri:0, instance:com.linkedin.qa.testcases.HomePageTest@59a008ba]" started-at="2022-03-16T15:09:06 IST" name="tearDown" finished-at="2022-03-16T15:09:07 IST" duration-ms="1008" status="PASS">
          <reporter-output>
          </reporter-output>
        </test-method> <!-- tearDown -->
        <test-method is-config="true" signature="setUp()[pri:0, instance:com.linkedin.qa.testcases.HomePageTest@59a008ba]" started-at="2022-03-16T15:09:07 IST" name="setUp" finished-at="2022-03-16T15:09:23 IST" duration-ms="16309" status="PASS">
          <reporter-output>
          </reporter-output>
        </test-method> <!-- setUp -->
        <test-method signature="minimizeChatWindow()[pri:3, instance:com.linkedin.qa.testcases.HomePageTest@59a008ba]" started-at="2022-03-16T15:09:23 IST" name="minimizeChatWindow" description="Verifying Minimize Chat Popup button on HomePage" finished-at="2022-03-16T15:09:23 IST" duration-ms="244" status="PASS">
          <reporter-output>
          </reporter-output>
        </test-method> <!-- minimizeChatWindow -->
        <test-method is-config="true" signature="tearDown()[pri:0, instance:com.linkedin.qa.testcases.HomePageTest@59a008ba]" started-at="2022-03-16T15:09:23 IST" name="tearDown" finished-at="2022-03-16T15:09:24 IST" duration-ms="967" status="PASS">
          <reporter-output>
          </reporter-output>
        </test-method> <!-- tearDown -->
        <test-method is-config="true" signature="setUp()[pri:0, instance:com.linkedin.qa.testcases.HomePageTest@59a008ba]" started-at="2022-03-16T15:09:24 IST" name="setUp" finished-at="2022-03-16T15:09:41 IST" duration-ms="16215" status="PASS">
          <reporter-output>
          </reporter-output>
        </test-method> <!-- setUp -->
        <test-method signature="verifyJobsPageLink()[pri:4, instance:com.linkedin.qa.testcases.HomePageTest@59a008ba]" started-at="2022-03-16T15:09:41 IST" name="verifyJobsPageLink" description="Verifying Jobs Page button on HomePage" finished-at="2022-03-16T15:09:41 IST" duration-ms="302" status="PASS">
          <reporter-output>
          </reporter-output>
        </test-method> <!-- verifyJobsPageLink -->
        <test-method is-config="true" signature="tearDown()[pri:0, instance:com.linkedin.qa.testcases.HomePageTest@59a008ba]" started-at="2022-03-16T15:09:41 IST" name="tearDown" finished-at="2022-03-16T15:09:42 IST" duration-ms="987" status="PASS">
          <reporter-output>
          </reporter-output>
        </test-method> <!-- tearDown -->
        <test-method is-config="true" signature="setUp()[pri:0, instance:com.linkedin.qa.testcases.HomePageTest@59a008ba]" started-at="2022-03-16T15:09:42 IST" name="setUp" finished-at="2022-03-16T15:09:58 IST" duration-ms="16171" status="PASS">
          <reporter-output>
          </reporter-output>
        </test-method> <!-- setUp -->
        <test-method signature="verifyMessagingPageLink()[pri:5, instance:com.linkedin.qa.testcases.HomePageTest@59a008ba]" started-at="2022-03-16T15:09:58 IST" name="verifyMessagingPageLink" description="Verifying Messaging Page button on HomePage" finished-at="2022-03-16T15:09:58 IST" duration-ms="325" status="PASS">
          <reporter-output>
          </reporter-output>
        </test-method> <!-- verifyMessagingPageLink -->
        <test-method is-config="true" signature="tearDown()[pri:0, instance:com.linkedin.qa.testcases.HomePageTest@59a008ba]" started-at="2022-03-16T15:09:58 IST" name="tearDown" finished-at="2022-03-16T15:10:00 IST" duration-ms="1284" status="PASS">
          <reporter-output>
          </reporter-output>
        </test-method> <!-- tearDown -->
        <test-method is-config="true" signature="setUp()[pri:0, instance:com.linkedin.qa.testcases.HomePageTest@59a008ba]" started-at="2022-03-16T15:10:00 IST" name="setUp" finished-at="2022-03-16T15:10:17 IST" duration-ms="17596" status="PASS">
          <reporter-output>
          </reporter-output>
        </test-method> <!-- setUp -->
        <test-method signature="verifyNotificationsPageLink()[pri:6, instance:com.linkedin.qa.testcases.HomePageTest@59a008ba]" started-at="2022-03-16T15:10:17 IST" name="verifyNotificationsPageLink" description="Verifying Notifications Page button on HomePage" finished-at="2022-03-16T15:10:18 IST" duration-ms="375" status="PASS">
          <reporter-output>
          </reporter-output>
        </test-method> <!-- verifyNotificationsPageLink -->
        <test-method is-config="true" signature="tearDown()[pri:0, instance:com.linkedin.qa.testcases.HomePageTest@59a008ba]" started-at="2022-03-16T15:10:18 IST" name="tearDown" finished-at="2022-03-16T15:10:19 IST" duration-ms="1178" status="PASS">
          <reporter-output>
          </reporter-output>
        </test-method> <!-- tearDown -->
        <test-method is-config="true" signature="setUp()[pri:0, instance:com.linkedin.qa.testcases.HomePageTest@59a008ba]" started-at="2022-03-16T15:10:19 IST" name="setUp" finished-at="2022-03-16T15:10:36 IST" duration-ms="17204" status="PASS">
          <reporter-output>
          </reporter-output>
        </test-method> <!-- setUp -->
        <test-method signature="verifyMyNetworkPageLink()[pri:7, instance:com.linkedin.qa.testcases.HomePageTest@59a008ba]" started-at="2022-03-16T15:10:36 IST" name="verifyMyNetworkPageLink" description="Verifying MyNetworks Page button on HomePage" finished-at="2022-03-16T15:10:36 IST" duration-ms="252" status="PASS">
          <reporter-output>
          </reporter-output>
        </test-method> <!-- verifyMyNetworkPageLink -->
        <test-method is-config="true" signature="tearDown()[pri:0, instance:com.linkedin.qa.testcases.HomePageTest@59a008ba]" started-at="2022-03-16T15:10:36 IST" name="tearDown" finished-at="2022-03-16T15:10:37 IST" duration-ms="1089" status="PASS">
          <reporter-output>
          </reporter-output>
        </test-method> <!-- tearDown -->
        <test-method is-config="true" signature="setUp()[pri:0, instance:com.linkedin.qa.testcases.HomePageTest@59a008ba]" started-at="2022-03-16T15:10:37 IST" name="setUp" finished-at="2022-03-16T15:10:54 IST" duration-ms="16111" status="PASS">
          <reporter-output>
          </reporter-output>
        </test-method> <!-- setUp -->
        <test-method signature="uploadProfilePic()[pri:8, instance:com.linkedin.qa.testcases.HomePageTest@59a008ba]" started-at="2022-03-16T15:10:54 IST" name="uploadProfilePic" description="Verifying Upload Profile Picture Functionality on HomePage" finished-at="2022-03-16T15:10:54 IST" duration-ms="8" status="PASS">
          <reporter-output>
          </reporter-output>
        </test-method> <!-- uploadProfilePic -->
        <test-method is-config="true" signature="tearDown()[pri:0, instance:com.linkedin.qa.testcases.HomePageTest@59a008ba]" started-at="2022-03-16T15:10:54 IST" name="tearDown" finished-at="2022-03-16T15:10:55 IST" duration-ms="1018" status="PASS">
          <reporter-output>
          </reporter-output>
        </test-method> <!-- tearDown -->
        <test-method is-config="true" signature="setUp()[pri:0, instance:com.linkedin.qa.testcases.HomePageTest@59a008ba]" started-at="2022-03-16T15:10:55 IST" name="setUp" finished-at="2022-03-16T15:11:10 IST" duration-ms="15249" status="PASS">
          <reporter-output>
          </reporter-output>
        </test-method> <!-- setUp -->
        <test-method signature="scrollPage()[pri:9, instance:com.linkedin.qa.testcases.HomePageTest@59a008ba]" started-at="2022-03-16T15:11:10 IST" name="scrollPage" description="Verifying Scroll page Functionality on HomePage" finished-at="2022-03-16T15:11:41 IST" duration-ms="30674" status="PASS">
          <reporter-output>
          </reporter-output>
        </test-method> <!-- scrollPage -->
        <test-method is-config="true" signature="tearDown()[pri:0, instance:com.linkedin.qa.testcases.HomePageTest@59a008ba]" started-at="2022-03-16T15:11:41 IST" name="tearDown" finished-at="2022-03-16T15:11:42 IST" duration-ms="1154" status="PASS">
          <reporter-output>
          </reporter-output>
        </test-method> <!-- tearDown -->
      </class> <!-- com.linkedin.qa.testcases.HomePageTest -->
      <class name="com.linkedin.qa.testcases.SignUpPageTest">
        <test-method is-config="true" signature="setUp()[pri:0, instance:com.linkedin.qa.testcases.SignUpPageTest@338c99c8]" started-at="2022-03-16T15:11:42 IST" name="setUp" finished-at="2022-03-16T15:11:45 IST" duration-ms="3665" status="PASS">
          <reporter-output>
          </reporter-output>
        </test-method> <!-- setUp -->
        <test-method signature="test_SignUp()[pri:1, instance:com.linkedin.qa.testcases.SignUpPageTest@338c99c8]" started-at="2022-03-16T15:11:45 IST" name="test_SignUp" description="Verifying SignUp functionality of application" finished-at="2022-03-16T15:11:48 IST" duration-ms="2924" status="PASS">
          <reporter-output>
          </reporter-output>
        </test-method> <!-- test_SignUp -->
        <test-method is-config="true" signature="tearDown()[pri:0, instance:com.linkedin.qa.testcases.SignUpPageTest@338c99c8]" started-at="2022-03-16T15:11:48 IST" name="tearDown" finished-at="2022-03-16T15:11:49 IST" duration-ms="1112" status="PASS">
          <reporter-output>
          </reporter-output>
        </test-method> <!-- tearDown -->
      </class> <!-- com.linkedin.qa.testcases.SignUpPageTest -->
    </test> <!-- Test -->
  </suite> <!-- LinkedIn -->
</testng-results>
